{"level":"info","message":"shreykbhatt Macbook Air 1000 | Bid Posted | Sun Oct 16 2016 18:52:28 GMT-0700 (Pacific Daylight Time)"}
{"level":"info","message":"shreykbhatt | Display My Bids| Sun Oct 16 2016 18:52:28 GMT-0700 (Pacific Daylight Time)"}
{"level":"info","message":"shreykbhatt | Display All Bids| Sun Oct 16 2016 18:52:36 GMT-0700 (Pacific Daylight Time)"}
{"level":"info","message":"shreykbhatt Camera 800 | Viewed Item | Sun Oct 16 2016 18:53:09 GMT-0700 (Pacific Daylight Time)"}
{"level":"info","message":"shreykbhatt Camera 800 | Has Bidded | Sun Oct 16 2016 18:53:21 GMT-0700 (Pacific Daylight Time)"}
{"level":"info","message":"shreykbhatt | Display All Bids| Sun Oct 16 2016 18:53:21 GMT-0700 (Pacific Daylight Time)"}
{"level":"info","message":"shreykbhatt Camera 800 | Has Won The Bid| Sun Oct 16 2016 19:48:22 GMT-0700 (Pacific Daylight Time)"}
{"level":"info","message":"shreykbhatt Camera 800 | The Bid has been completed| Sun Oct 16 2016 19:48:22 GMT-0700 (Pacific Daylight Time)"}
{"level":"info","message":"shreykbhatt | Display All Bids| Sun Oct 16 2016 19:03:17 GMT-0700 (Pacific Daylight Time)"}
{"level":"info","message":"shreykbhatt | Display My Bids| Sun Oct 16 2016 19:03:19 GMT-0700 (Pacific Daylight Time)"}
{"level":"info","message":"parth | Display All Bids| Sun Oct 16 2016 19:03:37 GMT-0700 (Pacific Daylight Time)"}
{"level":"info","message":"parthMobile600 | Viewed Item | Sun Oct 16 2016 19:03:38 GMT-0700 (Pacific Daylight Time)"}
{"level":"info","message":"parthMobile600 | Has Bidded | Sun Oct 16 2016 19:03:42 GMT-0700 (Pacific Daylight Time)"}
{"level":"info","message":"parth | Display All Bids| Sun Oct 16 2016 19:03:42 GMT-0700 (Pacific Daylight Time)"}
{"level":"info","message":"parth Iphone 700 | Bid Posted | Sun Oct 16 2016 19:14:53 GMT-0700 (Pacific Daylight Time)"}
{"level":"info","message":"parth | Display My Bids| Sun Oct 16 2016 19:14:53 GMT-0700 (Pacific Daylight Time)"}
{"level":"info","message":"parth | Display All Bids| Sun Oct 16 2016 19:15:03 GMT-0700 (Pacific Daylight Time)"}
{"level":"info","message":"shreykbhatt | Display All Bids| Sun Oct 16 2016 19:15:14 GMT-0700 (Pacific Daylight Time)"}
{"level":"info","message":"shreykbhattIphone700 | Viewed Item | Sun Oct 16 2016 19:15:18 GMT-0700 (Pacific Daylight Time)"}
{"level":"info","message":"shreykbhattIphone700 | Has Bidded | Sun Oct 16 2016 19:15:21 GMT-0700 (Pacific Daylight Time)"}
{"level":"info","message":"shreykbhatt | Display All Bids| Sun Oct 16 2016 19:15:22 GMT-0700 (Pacific Daylight Time)"}
{"level":"info","message":"shreykbhatt | Display All Bids| Sun Oct 16 2016 19:50:52 GMT-0700 (Pacific Daylight Time)"}
{"level":"info","message":"shreykbhattTESLA CAR50000 | Viewed Item | Sun Oct 16 2016 19:50:55 GMT-0700 (Pacific Daylight Time)"}
{"level":"info","message":"shreykbhattTESLA CAR50000 | Has Bidded | Sun Oct 16 2016 19:51:01 GMT-0700 (Pacific Daylight Time)"}
{"level":"info","message":"shreykbhatt | Display All Bids| Sun Oct 16 2016 19:51:01 GMT-0700 (Pacific Daylight Time)"}
{"level":"info","message":"shreykbhattTESLA CAR50000 | Has Bidded | Sun Oct 16 2016 19:53:59 GMT-0700 (Pacific Daylight Time)"}
{"level":"info","message":"shreykbhatt | Display All Bids| Sun Oct 16 2016 19:54:00 GMT-0700 (Pacific Daylight Time)"}
{"level":"info","message":"shreykbhattTESLA CAR50000 | Has Bidded | Sun Oct 16 2016 20:11:54 GMT-0700 (Pacific Daylight Time)"}
{"level":"info","message":"shreykbhatt | Display All Bids| Sun Oct 16 2016 20:11:54 GMT-0700 (Pacific Daylight Time)"}
{"level":"info","message":"shreykbhatt | Display All Bids| Wed Oct 19 2016 23:29:30 GMT-0700 (Pacific Daylight Time)"}
{"level":"info","message":"shreykbhattIphone800 | Viewed Item | Wed Oct 19 2016 23:29:32 GMT-0700 (Pacific Daylight Time)"}
{"level":"info","message":"shreykbhatt | Display All Bids| Wed Oct 19 2016 23:40:50 GMT-0700 (Pacific Daylight Time)"}
{"level":"info","message":"shreykbhatt | Display My Bids| Wed Oct 19 2016 23:40:54 GMT-0700 (Pacific Daylight Time)"}
{"level":"info","message":"shreykbhatt | Display My Bids| Wed Oct 19 2016 23:47:08 GMT-0700 (Pacific Daylight Time)"}
